Arguments: 
  /usr/local/bin/node /usr/local/Cellar/yarn/1.5.1_1/libexec/bin/yarn.js ios

PATH: 
  /Users/nbb/.local/share/virtualenvs/code-JDvErFti/bin:/Users/nbb/.pyenv/plugins/pyenv-virtualenv/shims:/Users/nbb/.pyenv/shims:/Users/nbb/.pyenv/bin:/usr/local/mysql/bin:/Users/nbb/bin:/usr/local/bin:/Library/TeX/texbin:/Users/nbb/.pyenv/versions/3.6.0/bin:/Users/nbb/.pyenv/libexec:/Users/nbb/.pyenv/plugins/python-build/bin:/Users/nbb/.pyenv/plugins/pyenv-virtualenvwrapper/bin:/Users/nbb/.pyenv/plugins/pyenv-virtualenv/bin:/Users/nbb/.pyenv/plugins/pyenv-virtualenv/shims:/Users/nbb/.pyenv/shims:/Users/nbb/.pyenv/bin:/usr/local/mysql/bin:/Users/nbb/bin:/usr/local/bin:/Library/TeX/texbin:/usr/local/bin:/usr/bin:/bin:/usr/sbin:/sbin:/Library/TeX/texbin:/Applications/Postgres.app/Contents/Versions/latest/bin:/Users/nbb/Library/Android/sdk/tools:/Users/nbb/Library/Android/sdk/platform-tools:/Users/nbb/Library/Android/sdk/tools:/Users/nbb/Library/Android/sdk/platform-tools

Yarn version: 
  1.5.1

Node version: 
  8.11.2

Platform: 
  darwin x64

npm manifest: 
  No manifest

yarn manifest: 
  No manifest

Lockfile: 
  No lockfile

Trace: 
  Error: Couldn't find a package.json file in "/Users/nbb/Dropbox/UAL/AULAS/2018_19/SAD_18_19/code"
      at new MessageError (/usr/local/Cellar/yarn/1.5.1_1/libexec/lib/cli.js:186:110)
      at /usr/local/Cellar/yarn/1.5.1_1/libexec/lib/cli.js:40048:15
      at Generator.next (<anonymous>)
      at step (/usr/local/Cellar/yarn/1.5.1_1/libexec/lib/cli.js:98:30)
      at /usr/local/Cellar/yarn/1.5.1_1/libexec/lib/cli.js:109:13
      at <anonymous>
